{"C:\\Projetos\\DesafioMobileOrla\\src\\components\\EmptyState\\index.tsx": {"path":"C:\\Projetos\\DesafioMobileOrla\\src\\components\\EmptyState\\index.tsx","statementMap":{"0":{"start":{"line":5,"column":19},"end":{"line":15,"column":1}},"1":{"start":{"line":6,"column":4},"end":{"line":14,"column":5}}},"fnMap":{"0":{"name":"(anonymous_0)","decl":{"start":{"line":5,"column":19},"end":{"line":5,"column":20}},"loc":{"start":{"line":5,"column":25},"end":{"line":15,"column":1}},"line":5}},"branchMap":{},"s":{"0":0,"1":0},"f":{"0":0},"b":{}}
,"C:\\Projetos\\DesafioMobileOrla\\src\\components\\FloatButton\\index.tsx": {"path":"C:\\Projetos\\DesafioMobileOrla\\src\\components\\FloatButton\\index.tsx","statementMap":{"0":{"start":{"line":10,"column":20},"end":{"line":21,"column":1}},"1":{"start":{"line":12,"column":4},"end":{"line":20,"column":5}}},"fnMap":{"0":{"name":"(anonymous_0)","decl":{"start":{"line":10,"column":20},"end":{"line":10,"column":21}},"loc":{"start":{"line":10,"column":55},"end":{"line":21,"column":1}},"line":10}},"branchMap":{},"s":{"0":0,"1":0},"f":{"0":0},"b":{}}
,"C:\\Projetos\\DesafioMobileOrla\\src\\components\\Header\\index.tsx": {"path":"C:\\Projetos\\DesafioMobileOrla\\src\\components\\Header\\index.tsx","statementMap":{"0":{"start":{"line":10,"column":15},"end":{"line":31,"column":1}},"1":{"start":{"line":11,"column":4},"end":{"line":30,"column":5}}},"fnMap":{"0":{"name":"(anonymous_0)","decl":{"start":{"line":10,"column":15},"end":{"line":10,"column":16}},"loc":{"start":{"line":10,"column":59},"end":{"line":31,"column":1}},"line":10}},"branchMap":{"0":{"loc":{"start":{"line":22,"column":20},"end":{"line":26,"column":120}},"type":"cond-expr","locations":[{"start":{"line":24,"column":24},"end":{"line":24,"column":119}},{"start":{"line":26,"column":24},"end":{"line":26,"column":120}}],"line":22}},"s":{"0":1,"1":5},"f":{"0":5},"b":{"0":[4,1]},"_coverageSchema":"1a1c01bbd47fc00a2c39e90264f33305004495a9","hash":"0ccfe4ad1a26bd6455d6620073b17f3b070d8de0"}
,"C:\\Projetos\\DesafioMobileOrla\\src\\components\\SearchField\\index.tsx": {"path":"C:\\Projetos\\DesafioMobileOrla\\src\\components\\SearchField\\index.tsx","statementMap":{"0":{"start":{"line":9,"column":20},"end":{"line":17,"column":1}},"1":{"start":{"line":10,"column":4},"end":{"line":16,"column":5}}},"fnMap":{"0":{"name":"(anonymous_0)","decl":{"start":{"line":9,"column":20},"end":{"line":9,"column":21}},"loc":{"start":{"line":9,"column":68},"end":{"line":17,"column":1}},"line":9}},"branchMap":{},"s":{"0":0,"1":0},"f":{"0":0},"b":{}}
,"C:\\Projetos\\DesafioMobileOrla\\src\\components\\TipCard\\index.tsx": {"path":"C:\\Projetos\\DesafioMobileOrla\\src\\components\\TipCard\\index.tsx","statementMap":{"0":{"start":{"line":15,"column":16},"end":{"line":36,"column":1}},"1":{"start":{"line":17,"column":40},"end":{"line":17,"column":48}},"2":{"start":{"line":19,"column":4},"end":{"line":35,"column":5}}},"fnMap":{"0":{"name":"(anonymous_0)","decl":{"start":{"line":15,"column":16},"end":{"line":15,"column":17}},"loc":{"start":{"line":15,"column":43},"end":{"line":36,"column":1}},"line":15}},"branchMap":{},"s":{"0":0,"1":0,"2":0},"f":{"0":0},"b":{}}
}
